::1 - - [22/Sep/2019:21:35:15 +0000] "POST /api/v1/admin/save HTTP/1.1" 400 76 "-" "PostmanRuntime/7.16.3"
::1 - - [22/Sep/2019:21:36:13 +0000] "POST /api/v1/admin/save HTTP/1.1" 400 76 "-" "PostmanRuntime/7.16.3"
::1 - - [22/Sep/2019:21:36:43 +0000] "POST /api/v1/admin/save HTTP/1.1" 400 76 "-" "PostmanRuntime/7.16.3"
::1 - - [22/Sep/2019:21:37:17 +0000] "POST /api/v1/admin/save HTTP/1.1" 400 86 "-" "PostmanRuntime/7.16.3"
::1 - - [22/Sep/2019:21:42:05 +0000] "POST /api/v1/admin/save HTTP/1.1" 200 214 "-" "PostmanRuntime/7.16.3"
::1 - - [22/Sep/2019:22:44:51 +0000] "GET /api/v1/admin/get/?username=lawal HTTP/1.1" 404 156 "-" "PostmanRuntime/7.16.3"
::1 - - [22/Sep/2019:22:46:31 +0000] "GET /api/v1/admin/get/?username=lawal HTTP/1.1" 404 156 "-" "PostmanRuntime/7.16.3"
::1 - - [22/Sep/2019:22:46:51 +0000] "GET /api/v1/admin/get/ HTTP/1.1" 404 156 "-" "PostmanRuntime/7.16.3"
::1 - - [22/Sep/2019:22:48:29 +0000] "GET /api/v1/admin/get/?username=lawal HTTP/1.1" 404 156 "-" "PostmanRuntime/7.16.3"
::1 - - [22/Sep/2019:22:48:46 +0000] "GET /api/v1/admin/get/?username=lawal HTTP/1.1" 404 156 "-" "PostmanRuntime/7.16.3"
::1 - - [22/Sep/2019:22:50:29 +0000] "GET /api/v1/admin/get/?username=lawal HTTP/1.1" 404 156 "-" "PostmanRuntime/7.16.3"
::1 - - [22/Sep/2019:22:50:53 +0000] "GET /api/v1/admin/ge/?username=lawal HTTP/1.1" 404 155 "-" "PostmanRuntime/7.16.3"
::1 - - [22/Sep/2019:22:54:27 +0000] "GET /api/v1/admin/lawal HTTP/1.1" 400 47 "-" "PostmanRuntime/7.16.3"
::1 - - [22/Sep/2019:22:56:19 +0000] "GET /api/v1/admin/lawal HTTP/1.1" 400 98 "-" "PostmanRuntime/7.16.3"
::1 - - [22/Sep/2019:23:03:05 +0000] "GET /api/v1/admin/lawal HTTP/1.1" 400 98 "-" "PostmanRuntime/7.16.3"
::1 - - [22/Sep/2019:23:03:51 +0000] "GET /api/v1/admin/lawal HTTP/1.1" 400 98 "-" "PostmanRuntime/7.16.3"
::1 - - [22/Sep/2019:23:04:41 +0000] "GET /api/v1/admin/lawal HTTP/1.1" 400 98 "-" "PostmanRuntime/7.16.3"
::1 - - [22/Sep/2019:23:07:46 +0000] "GET /api/v1/admin/lawal HTTP/1.1" 400 76 "-" "PostmanRuntime/7.16.3"
::1 - - [22/Sep/2019:23:07:59 +0000] "GET /api/v1/admin/lawal HTTP/1.1" 400 74 "-" "PostmanRuntime/7.16.3"
::1 - - [22/Sep/2019:23:08:52 +0000] "GET /api/v1/admin/lawal HTTP/1.1" 400 74 "-" "PostmanRuntime/7.16.3"
::1 - - [22/Sep/2019:23:10:12 +0000] "GET /api/v1/admin/lawal HTTP/1.1" 400 74 "-" "PostmanRuntime/7.16.3"
::1 - - [22/Sep/2019:23:11:26 +0000] "GET /api/v1/admin/lawal HTTP/1.1" 400 74 "-" "PostmanRuntime/7.16.3"
::1 - - [22/Sep/2019:23:12:15 +0000] "GET /api/v1/admin/lawal HTTP/1.1" 400 78 "-" "PostmanRuntime/7.16.3"
::1 - - [22/Sep/2019:23:15:19 +0000] "GET /api/v1/admin/lawal HTTP/1.1" 400 90 "-" "PostmanRuntime/7.16.3"
::1 - - [22/Sep/2019:23:18:10 +0000] "GET /api/v1/admin/lawal HTTP/1.1" 400 76 "-" "PostmanRuntime/7.16.3"
::1 - - [22/Sep/2019:23:18:48 +0000] "GET /api/v1/admin/lawal HTTP/1.1" 500 57 "-" "PostmanRuntime/7.16.3"
::1 - - [22/Sep/2019:23:19:16 +0000] "GET /api/v1/admin/lawal HTTP/1.1" 500 57 "-" "PostmanRuntime/7.16.3"
::1 - - [22/Sep/2019:23:19:53 +0000] "GET /api/v1/admin/Lawal HTTP/1.1" 200 242 "-" "PostmanRuntime/7.16.3"
::1 - - [22/Sep/2019:23:26:14 +0000] "GET /api/v1/admin/Lawal HTTP/1.1" 200 242 "-" "PostmanRuntime/7.16.3"
::1 - - [22/Sep/2019:23:26:31 +0000] "GET /api/v1/admin/Lawal HTTP/1.1" 200 242 "-" "PostmanRuntime/7.16.3"
::1 - - [22/Sep/2019:23:26:38 +0000] "GET /api/v1/admin/Lawal HTTP/1.1" 200 242 "-" "PostmanRuntime/7.16.3"
::1 - - [22/Sep/2019:23:32:32 +0000] "GET /api/v1/admin/Lawal HTTP/1.1" 200 242 "-" "PostmanRuntime/7.16.3"
::1 - - [22/Sep/2019:23:33:10 +0000] "GET /api/v1/admin/Lawal HTTP/1.1" 200 242 "-" "PostmanRuntime/7.16.3"
::1 - - [22/Sep/2019:23:34:08 +0000] "GET /api/v1/admin/Lawal HTTP/1.1" 400 47 "-" "PostmanRuntime/7.16.3"
::1 - - [22/Sep/2019:23:34:49 +0000] "GET /api/v1/admin/Lawal HTTP/1.1" 400 47 "-" "PostmanRuntime/7.16.3"
::1 - - [22/Sep/2019:23:35:52 +0000] "GET /api/v1/admin/Lawal HTTP/1.1" - - "-" "PostmanRuntime/7.16.3"
::1 - - [22/Sep/2019:23:36:14 +0000] "GET /api/v1/admin/Lawal HTTP/1.1" 400 47 "-" "PostmanRuntime/7.16.3"
::1 - - [22/Sep/2019:23:36:22 +0000] "GET /api/v1/admin/Lawal HTTP/1.1" - - "-" "PostmanRuntime/7.16.3"
::1 - - [22/Sep/2019:23:37:40 +0000] "GET /api/v1/admin/Lawal HTTP/1.1" 500 65 "-" "PostmanRuntime/7.16.3"
::1 - - [22/Sep/2019:23:45:49 +0000] "GET /api/v1/admin/Lawal HTTP/1.1" 200 242 "-" "PostmanRuntime/7.16.3"
::1 - - [22/Sep/2019:23:45:56 +0000] "GET /api/v1/admin/Lawal HTTP/1.1" 500 65 "-" "PostmanRuntime/7.16.3"
::1 - - [22/Sep/2019:23:46:01 +0000] "GET /api/v1/admin/Lawal HTTP/1.1" 200 242 "-" "PostmanRuntime/7.16.3"
::1 - - [23/Sep/2019:01:27:17 +0000] "PUT /api/v1/admin/changePass HTTP/1.1" 200 53 "-" "PostmanRuntime/7.16.3"
::1 - - [23/Sep/2019:01:27:28 +0000] "PUT /api/v1/admin/changePass HTTP/1.1" 400 53 "-" "PostmanRuntime/7.16.3"
::1 - - [23/Sep/2019:01:54:47 +0000] "POST /api/v1/admin/login HTTP/1.1" 404 158 "-" "PostmanRuntime/7.16.3"
::1 - - [23/Sep/2019:01:55:16 +0000] "POST /api/v1/admin/login HTTP/1.1" 404 158 "-" "PostmanRuntime/7.16.3"
::1 - - [23/Sep/2019:01:55:36 +0000] "POST /api/v1/admin/login HTTP/1.1" 400 78 "-" "PostmanRuntime/7.16.3"
::1 - - [23/Sep/2019:01:57:05 +0000] "POST /api/v1/admin/login HTTP/1.1" 400 84 "-" "PostmanRuntime/7.16.3"
::1 - - [23/Sep/2019:01:58:02 +0000] "POST /api/v1/admin/login HTTP/1.1" 200 40 "-" "PostmanRuntime/7.16.3"
::1 - - [23/Sep/2019:01:58:25 +0000] "POST /api/v1/admin/login HTTP/1.1" 400 57 "-" "PostmanRuntime/7.16.3"
::1 - - [23/Sep/2019:01:58:47 +0000] "POST /api/v1/admin/login HTTP/1.1" 500 48 "-" "PostmanRuntime/7.16.3"
